2020-09-21 13:39:57,210 INFO 18052 [Timer] C:\Users\DELL\Desktop\cake\cake\server\node_modules\egg-multipart\app\schedule\clean_tmpdir.js next time will execute after 53402793ms at 2020-09-22 04:30:00.003
2020-09-21 13:39:57,210 INFO 18052 [Timer] C:\Users\DELL\Desktop\cake\cake\server\node_modules\egg-logrotator\app\schedule\clean_log.js next time will execute after 37202790ms at 2020-09-22 00:00:00.000
2020-09-21 13:39:57,211 INFO 18052 [Timer] C:\Users\DELL\Desktop\cake\cake\server\node_modules\egg-logrotator\app\schedule\rotate_by_file.js next time will execute after 37203790ms at 2020-09-22 00:00:01.001
2020-09-21 13:39:57,042 INFO 11020 [egg-schedule]: register schedule C:\Users\DELL\Desktop\cake\cake\server\node_modules\egg-multipart\app\schedule\clean_tmpdir.js
2020-09-21 13:39:57,042 INFO 11020 [egg-schedule]: register schedule C:\Users\DELL\Desktop\cake\cake\server\node_modules\egg-logrotator\app\schedule\clean_log.js
2020-09-21 13:39:57,042 INFO 11020 [egg-schedule]: register schedule C:\Users\DELL\Desktop\cake\cake\server\node_modules\egg-logrotator\app\schedule\rotate_by_file.js
2020-09-21 13:40:36,407 INFO 16056 [Timer] C:\Users\DELL\Desktop\cake\cake\server\node_modules\egg-multipart\app\schedule\clean_tmpdir.js next time will execute after 53363596ms at 2020-09-22 04:30:00.003
2020-09-21 13:40:36,407 INFO 16056 [Timer] C:\Users\DELL\Desktop\cake\cake\server\node_modules\egg-logrotator\app\schedule\clean_log.js next time will execute after 37163593ms at 2020-09-22 00:00:00.000
2020-09-21 13:40:36,408 INFO 16056 [Timer] C:\Users\DELL\Desktop\cake\cake\server\node_modules\egg-logrotator\app\schedule\rotate_by_file.js next time will execute after 37164593ms at 2020-09-22 00:00:01.001
2020-09-21 13:40:36,232 INFO 18856 [egg-schedule]: register schedule C:\Users\DELL\Desktop\cake\cake\server\node_modules\egg-multipart\app\schedule\clean_tmpdir.js
2020-09-21 13:40:36,232 INFO 18856 [egg-schedule]: register schedule C:\Users\DELL\Desktop\cake\cake\server\node_modules\egg-logrotator\app\schedule\clean_log.js
2020-09-21 13:40:36,232 INFO 18856 [egg-schedule]: register schedule C:\Users\DELL\Desktop\cake\cake\server\node_modules\egg-logrotator\app\schedule\rotate_by_file.js
2020-09-21 13:42:31,455 INFO 16284 [egg-schedule]: register schedule C:\Users\DELL\Desktop\cake\cake\server\node_modules\egg-multipart\app\schedule\clean_tmpdir.js
2020-09-21 13:42:31,455 INFO 16284 [egg-schedule]: register schedule C:\Users\DELL\Desktop\cake\cake\server\node_modules\egg-logrotator\app\schedule\clean_log.js
2020-09-21 13:42:31,455 INFO 16284 [egg-schedule]: register schedule C:\Users\DELL\Desktop\cake\cake\server\node_modules\egg-logrotator\app\schedule\rotate_by_file.js
2020-09-21 15:09:13,759 INFO 14236 [egg-schedule]: register schedule C:\Users\DELL\Desktop\cake\cake\server\node_modules\egg-multipart\app\schedule\clean_tmpdir.js
2020-09-21 15:09:13,759 INFO 14236 [egg-schedule]: register schedule C:\Users\DELL\Desktop\cake\cake\server\node_modules\egg-logrotator\app\schedule\clean_log.js
2020-09-21 15:09:13,759 INFO 14236 [egg-schedule]: register schedule C:\Users\DELL\Desktop\cake\cake\server\node_modules\egg-logrotator\app\schedule\rotate_by_file.js
2020-09-21 15:09:13,957 INFO 19244 [Timer] C:\Users\DELL\Desktop\cake\cake\server\node_modules\egg-multipart\app\schedule\clean_tmpdir.js next time will execute after 48046046ms at 2020-09-22 04:30:00.003
2020-09-21 15:09:13,957 INFO 19244 [Timer] C:\Users\DELL\Desktop\cake\cake\server\node_modules\egg-logrotator\app\schedule\clean_log.js next time will execute after 31846043ms at 2020-09-22 00:00:00.000
2020-09-21 15:09:13,957 INFO 19244 [Timer] C:\Users\DELL\Desktop\cake\cake\server\node_modules\egg-logrotator\app\schedule\rotate_by_file.js next time will execute after 31847043ms at 2020-09-22 00:00:01.000
2020-09-21 15:11:36,093 INFO 17812 [egg-schedule]: register schedule C:\Users\DELL\Desktop\cake\cake\server\node_modules\egg-multipart\app\schedule\clean_tmpdir.js
2020-09-21 15:11:36,093 INFO 17812 [egg-schedule]: register schedule C:\Users\DELL\Desktop\cake\cake\server\node_modules\egg-logrotator\app\schedule\clean_log.js
2020-09-21 15:11:36,093 INFO 17812 [egg-schedule]: register schedule C:\Users\DELL\Desktop\cake\cake\server\node_modules\egg-logrotator\app\schedule\rotate_by_file.js
2020-09-21 15:16:30,811 INFO 18172 [egg-schedule]: register schedule C:\Users\DELL\Desktop\cake\cake\server\node_modules\egg-multipart\app\schedule\clean_tmpdir.js
2020-09-21 15:16:30,811 INFO 18172 [egg-schedule]: register schedule C:\Users\DELL\Desktop\cake\cake\server\node_modules\egg-logrotator\app\schedule\clean_log.js
2020-09-21 15:16:30,811 INFO 18172 [egg-schedule]: register schedule C:\Users\DELL\Desktop\cake\cake\server\node_modules\egg-logrotator\app\schedule\rotate_by_file.js
2020-09-21 15:17:34,717 INFO 18680 [egg-schedule]: register schedule C:\Users\DELL\Desktop\cake\cake\server\node_modules\egg-multipart\app\schedule\clean_tmpdir.js
2020-09-21 15:17:34,717 INFO 18680 [egg-schedule]: register schedule C:\Users\DELL\Desktop\cake\cake\server\node_modules\egg-logrotator\app\schedule\clean_log.js
2020-09-21 15:17:34,717 INFO 18680 [egg-schedule]: register schedule C:\Users\DELL\Desktop\cake\cake\server\node_modules\egg-logrotator\app\schedule\rotate_by_file.js
2020-09-21 15:47:30,167 INFO 15436 [egg-schedule]: register schedule C:\Users\DELL\Desktop\cake\cake\server\node_modules\egg-multipart\app\schedule\clean_tmpdir.js
2020-09-21 15:47:30,167 INFO 15436 [egg-schedule]: register schedule C:\Users\DELL\Desktop\cake\cake\server\node_modules\egg-logrotator\app\schedule\clean_log.js
2020-09-21 15:47:30,167 INFO 15436 [egg-schedule]: register schedule C:\Users\DELL\Desktop\cake\cake\server\node_modules\egg-logrotator\app\schedule\rotate_by_file.js
2020-09-21 15:50:11,639 INFO 13096 [egg-schedule]: register schedule C:\Users\DELL\Desktop\cake\cake\server\node_modules\egg-multipart\app\schedule\clean_tmpdir.js
2020-09-21 15:50:11,639 INFO 13096 [egg-schedule]: register schedule C:\Users\DELL\Desktop\cake\cake\server\node_modules\egg-logrotator\app\schedule\clean_log.js
2020-09-21 15:50:11,639 INFO 13096 [egg-schedule]: register schedule C:\Users\DELL\Desktop\cake\cake\server\node_modules\egg-logrotator\app\schedule\rotate_by_file.js
2020-09-21 15:50:23,934 INFO 17588 [Timer] C:\Users\DELL\Desktop\cake\cake\server\node_modules\egg-multipart\app\schedule\clean_tmpdir.js next time will execute after 45576069ms at 2020-09-22 04:30:00.003
2020-09-21 15:50:23,935 INFO 17588 [Timer] C:\Users\DELL\Desktop\cake\cake\server\node_modules\egg-logrotator\app\schedule\clean_log.js next time will execute after 29376066ms at 2020-09-22 00:00:00.001
2020-09-21 15:50:23,935 INFO 17588 [Timer] C:\Users\DELL\Desktop\cake\cake\server\node_modules\egg-logrotator\app\schedule\rotate_by_file.js next time will execute after 29377065ms at 2020-09-22 00:00:01.000
2020-09-21 15:50:23,788 INFO 12884 [egg-schedule]: register schedule C:\Users\DELL\Desktop\cake\cake\server\node_modules\egg-multipart\app\schedule\clean_tmpdir.js
2020-09-21 15:50:23,788 INFO 12884 [egg-schedule]: register schedule C:\Users\DELL\Desktop\cake\cake\server\node_modules\egg-logrotator\app\schedule\clean_log.js
2020-09-21 15:50:23,788 INFO 12884 [egg-schedule]: register schedule C:\Users\DELL\Desktop\cake\cake\server\node_modules\egg-logrotator\app\schedule\rotate_by_file.js
2020-09-21 15:51:38,718 INFO 14136 [egg-schedule]: register schedule C:\Users\DELL\Desktop\cake\cake\server\node_modules\egg-multipart\app\schedule\clean_tmpdir.js
2020-09-21 15:51:38,718 INFO 14136 [egg-schedule]: register schedule C:\Users\DELL\Desktop\cake\cake\server\node_modules\egg-logrotator\app\schedule\clean_log.js
2020-09-21 15:51:38,718 INFO 14136 [egg-schedule]: register schedule C:\Users\DELL\Desktop\cake\cake\server\node_modules\egg-logrotator\app\schedule\rotate_by_file.js
2020-09-21 15:55:21,729 INFO 15580 [egg-schedule]: register schedule C:\Users\DELL\Desktop\cake\cake\server\node_modules\egg-multipart\app\schedule\clean_tmpdir.js
2020-09-21 15:55:21,729 INFO 15580 [egg-schedule]: register schedule C:\Users\DELL\Desktop\cake\cake\server\node_modules\egg-logrotator\app\schedule\clean_log.js
2020-09-21 15:55:21,729 INFO 15580 [egg-schedule]: register schedule C:\Users\DELL\Desktop\cake\cake\server\node_modules\egg-logrotator\app\schedule\rotate_by_file.js
2020-09-21 16:02:57,398 INFO 12244 [egg-schedule]: register schedule C:\Users\DELL\Desktop\cake\cake\server\node_modules\egg-multipart\app\schedule\clean_tmpdir.js
2020-09-21 16:02:57,398 INFO 12244 [egg-schedule]: register schedule C:\Users\DELL\Desktop\cake\cake\server\node_modules\egg-logrotator\app\schedule\clean_log.js
2020-09-21 16:02:57,398 INFO 12244 [egg-schedule]: register schedule C:\Users\DELL\Desktop\cake\cake\server\node_modules\egg-logrotator\app\schedule\rotate_by_file.js
2020-09-21 16:03:09,365 INFO 15400 [egg-schedule]: register schedule C:\Users\DELL\Desktop\cake\cake\server\node_modules\egg-multipart\app\schedule\clean_tmpdir.js
2020-09-21 16:03:09,365 INFO 15400 [egg-schedule]: register schedule C:\Users\DELL\Desktop\cake\cake\server\node_modules\egg-logrotator\app\schedule\clean_log.js
2020-09-21 16:03:09,365 INFO 15400 [egg-schedule]: register schedule C:\Users\DELL\Desktop\cake\cake\server\node_modules\egg-logrotator\app\schedule\rotate_by_file.js
2020-09-21 16:08:28,111 INFO 11860 [egg-schedule]: register schedule C:\Users\DELL\Desktop\cake\cake\server\node_modules\egg-multipart\app\schedule\clean_tmpdir.js
2020-09-21 16:08:28,111 INFO 11860 [egg-schedule]: register schedule C:\Users\DELL\Desktop\cake\cake\server\node_modules\egg-logrotator\app\schedule\clean_log.js
2020-09-21 16:08:28,111 INFO 11860 [egg-schedule]: register schedule C:\Users\DELL\Desktop\cake\cake\server\node_modules\egg-logrotator\app\schedule\rotate_by_file.js
2020-09-21 16:08:43,332 INFO 15900 [egg-schedule]: register schedule C:\Users\DELL\Desktop\cake\cake\server\node_modules\egg-multipart\app\schedule\clean_tmpdir.js
2020-09-21 16:08:43,332 INFO 15900 [egg-schedule]: register schedule C:\Users\DELL\Desktop\cake\cake\server\node_modules\egg-logrotator\app\schedule\clean_log.js
2020-09-21 16:08:43,332 INFO 15900 [egg-schedule]: register schedule C:\Users\DELL\Desktop\cake\cake\server\node_modules\egg-logrotator\app\schedule\rotate_by_file.js
2020-09-21 16:09:10,755 INFO 17768 [egg-schedule]: register schedule C:\Users\DELL\Desktop\cake\cake\server\node_modules\egg-multipart\app\schedule\clean_tmpdir.js
2020-09-21 16:09:10,755 INFO 17768 [egg-schedule]: register schedule C:\Users\DELL\Desktop\cake\cake\server\node_modules\egg-logrotator\app\schedule\clean_log.js
2020-09-21 16:09:10,755 INFO 17768 [egg-schedule]: register schedule C:\Users\DELL\Desktop\cake\cake\server\node_modules\egg-logrotator\app\schedule\rotate_by_file.js
2020-09-21 16:09:12,177 INFO 4964 [egg-schedule]: register schedule C:\Users\DELL\Desktop\cake\cake\server\node_modules\egg-multipart\app\schedule\clean_tmpdir.js
2020-09-21 16:09:12,177 INFO 4964 [egg-schedule]: register schedule C:\Users\DELL\Desktop\cake\cake\server\node_modules\egg-logrotator\app\schedule\clean_log.js
2020-09-21 16:09:12,177 INFO 4964 [egg-schedule]: register schedule C:\Users\DELL\Desktop\cake\cake\server\node_modules\egg-logrotator\app\schedule\rotate_by_file.js
2020-09-21 16:09:25,943 INFO 17260 [egg-schedule]: register schedule C:\Users\DELL\Desktop\cake\cake\server\node_modules\egg-multipart\app\schedule\clean_tmpdir.js
2020-09-21 16:09:25,943 INFO 17260 [egg-schedule]: register schedule C:\Users\DELL\Desktop\cake\cake\server\node_modules\egg-logrotator\app\schedule\clean_log.js
2020-09-21 16:09:25,943 INFO 17260 [egg-schedule]: register schedule C:\Users\DELL\Desktop\cake\cake\server\node_modules\egg-logrotator\app\schedule\rotate_by_file.js
2020-09-21 16:09:41,729 INFO 15984 [egg-schedule]: register schedule C:\Users\DELL\Desktop\cake\cake\server\node_modules\egg-multipart\app\schedule\clean_tmpdir.js
2020-09-21 16:09:41,729 INFO 15984 [egg-schedule]: register schedule C:\Users\DELL\Desktop\cake\cake\server\node_modules\egg-logrotator\app\schedule\clean_log.js
2020-09-21 16:09:41,729 INFO 15984 [egg-schedule]: register schedule C:\Users\DELL\Desktop\cake\cake\server\node_modules\egg-logrotator\app\schedule\rotate_by_file.js
2020-09-21 16:09:47,378 INFO 8880 [egg-schedule]: register schedule C:\Users\DELL\Desktop\cake\cake\server\node_modules\egg-multipart\app\schedule\clean_tmpdir.js
2020-09-21 16:09:47,378 INFO 8880 [egg-schedule]: register schedule C:\Users\DELL\Desktop\cake\cake\server\node_modules\egg-logrotator\app\schedule\clean_log.js
2020-09-21 16:09:47,378 INFO 8880 [egg-schedule]: register schedule C:\Users\DELL\Desktop\cake\cake\server\node_modules\egg-logrotator\app\schedule\rotate_by_file.js
2020-09-21 16:09:57,459 INFO 18120 [egg-schedule]: register schedule C:\Users\DELL\Desktop\cake\cake\server\node_modules\egg-multipart\app\schedule\clean_tmpdir.js
2020-09-21 16:09:57,459 INFO 18120 [egg-schedule]: register schedule C:\Users\DELL\Desktop\cake\cake\server\node_modules\egg-logrotator\app\schedule\clean_log.js
2020-09-21 16:09:57,459 INFO 18120 [egg-schedule]: register schedule C:\Users\DELL\Desktop\cake\cake\server\node_modules\egg-logrotator\app\schedule\rotate_by_file.js
2020-09-21 16:10:03,321 INFO 11536 [egg-schedule]: register schedule C:\Users\DELL\Desktop\cake\cake\server\node_modules\egg-multipart\app\schedule\clean_tmpdir.js
2020-09-21 16:10:03,321 INFO 11536 [egg-schedule]: register schedule C:\Users\DELL\Desktop\cake\cake\server\node_modules\egg-logrotator\app\schedule\clean_log.js
2020-09-21 16:10:03,321 INFO 11536 [egg-schedule]: register schedule C:\Users\DELL\Desktop\cake\cake\server\node_modules\egg-logrotator\app\schedule\rotate_by_file.js
2020-09-21 16:10:17,502 INFO 16532 [egg-schedule]: register schedule C:\Users\DELL\Desktop\cake\cake\server\node_modules\egg-multipart\app\schedule\clean_tmpdir.js
2020-09-21 16:10:17,502 INFO 16532 [egg-schedule]: register schedule C:\Users\DELL\Desktop\cake\cake\server\node_modules\egg-logrotator\app\schedule\clean_log.js
2020-09-21 16:10:17,502 INFO 16532 [egg-schedule]: register schedule C:\Users\DELL\Desktop\cake\cake\server\node_modules\egg-logrotator\app\schedule\rotate_by_file.js
2020-09-21 16:10:20,303 INFO 9524 [egg-schedule]: register schedule C:\Users\DELL\Desktop\cake\cake\server\node_modules\egg-multipart\app\schedule\clean_tmpdir.js
2020-09-21 16:10:20,303 INFO 9524 [egg-schedule]: register schedule C:\Users\DELL\Desktop\cake\cake\server\node_modules\egg-logrotator\app\schedule\clean_log.js
2020-09-21 16:10:20,303 INFO 9524 [egg-schedule]: register schedule C:\Users\DELL\Desktop\cake\cake\server\node_modules\egg-logrotator\app\schedule\rotate_by_file.js
2020-09-21 16:11:27,920 INFO 14832 [egg-schedule]: register schedule C:\Users\DELL\Desktop\cake\cake\server\node_modules\egg-multipart\app\schedule\clean_tmpdir.js
2020-09-21 16:11:27,920 INFO 14832 [egg-schedule]: register schedule C:\Users\DELL\Desktop\cake\cake\server\node_modules\egg-logrotator\app\schedule\clean_log.js
2020-09-21 16:11:27,920 INFO 14832 [egg-schedule]: register schedule C:\Users\DELL\Desktop\cake\cake\server\node_modules\egg-logrotator\app\schedule\rotate_by_file.js
2020-09-21 16:11:37,856 INFO 14728 [egg-schedule]: register schedule C:\Users\DELL\Desktop\cake\cake\server\node_modules\egg-multipart\app\schedule\clean_tmpdir.js
2020-09-21 16:11:37,856 INFO 14728 [egg-schedule]: register schedule C:\Users\DELL\Desktop\cake\cake\server\node_modules\egg-logrotator\app\schedule\clean_log.js
2020-09-21 16:11:37,856 INFO 14728 [egg-schedule]: register schedule C:\Users\DELL\Desktop\cake\cake\server\node_modules\egg-logrotator\app\schedule\rotate_by_file.js
2020-09-21 16:11:53,739 INFO 18268 [egg-schedule]: register schedule C:\Users\DELL\Desktop\cake\cake\server\node_modules\egg-multipart\app\schedule\clean_tmpdir.js
2020-09-21 16:11:53,739 INFO 18268 [egg-schedule]: register schedule C:\Users\DELL\Desktop\cake\cake\server\node_modules\egg-logrotator\app\schedule\clean_log.js
2020-09-21 16:11:53,739 INFO 18268 [egg-schedule]: register schedule C:\Users\DELL\Desktop\cake\cake\server\node_modules\egg-logrotator\app\schedule\rotate_by_file.js
2020-09-21 16:12:12,378 INFO 12328 [egg-schedule]: register schedule C:\Users\DELL\Desktop\cake\cake\server\node_modules\egg-multipart\app\schedule\clean_tmpdir.js
2020-09-21 16:12:12,378 INFO 12328 [egg-schedule]: register schedule C:\Users\DELL\Desktop\cake\cake\server\node_modules\egg-logrotator\app\schedule\clean_log.js
2020-09-21 16:12:12,378 INFO 12328 [egg-schedule]: register schedule C:\Users\DELL\Desktop\cake\cake\server\node_modules\egg-logrotator\app\schedule\rotate_by_file.js
2020-09-21 16:12:17,935 INFO 17028 [egg-schedule]: register schedule C:\Users\DELL\Desktop\cake\cake\server\node_modules\egg-multipart\app\schedule\clean_tmpdir.js
2020-09-21 16:12:17,935 INFO 17028 [egg-schedule]: register schedule C:\Users\DELL\Desktop\cake\cake\server\node_modules\egg-logrotator\app\schedule\clean_log.js
2020-09-21 16:12:17,935 INFO 17028 [egg-schedule]: register schedule C:\Users\DELL\Desktop\cake\cake\server\node_modules\egg-logrotator\app\schedule\rotate_by_file.js
2020-09-21 16:12:58,701 INFO 11608 [egg-schedule]: register schedule C:\Users\DELL\Desktop\cake\cake\server\node_modules\egg-multipart\app\schedule\clean_tmpdir.js
2020-09-21 16:12:58,701 INFO 11608 [egg-schedule]: register schedule C:\Users\DELL\Desktop\cake\cake\server\node_modules\egg-logrotator\app\schedule\clean_log.js
2020-09-21 16:12:58,701 INFO 11608 [egg-schedule]: register schedule C:\Users\DELL\Desktop\cake\cake\server\node_modules\egg-logrotator\app\schedule\rotate_by_file.js
2020-09-21 16:16:20,118 INFO 15544 [egg-schedule]: register schedule C:\Users\DELL\Desktop\cake\cake\server\node_modules\egg-multipart\app\schedule\clean_tmpdir.js
2020-09-21 16:16:20,118 INFO 15544 [egg-schedule]: register schedule C:\Users\DELL\Desktop\cake\cake\server\node_modules\egg-logrotator\app\schedule\clean_log.js
2020-09-21 16:16:20,118 INFO 15544 [egg-schedule]: register schedule C:\Users\DELL\Desktop\cake\cake\server\node_modules\egg-logrotator\app\schedule\rotate_by_file.js
2020-09-21 16:23:14,343 INFO 20192 [egg-schedule]: register schedule C:\Users\DELL\Desktop\cake\cake\server\node_modules\egg-multipart\app\schedule\clean_tmpdir.js
2020-09-21 16:23:14,343 INFO 20192 [egg-schedule]: register schedule C:\Users\DELL\Desktop\cake\cake\server\node_modules\egg-logrotator\app\schedule\clean_log.js
2020-09-21 16:23:14,343 INFO 20192 [egg-schedule]: register schedule C:\Users\DELL\Desktop\cake\cake\server\node_modules\egg-logrotator\app\schedule\rotate_by_file.js
2020-09-21 16:23:43,265 INFO 16756 [egg-schedule]: register schedule C:\Users\DELL\Desktop\cake\cake\server\node_modules\egg-multipart\app\schedule\clean_tmpdir.js
2020-09-21 16:23:43,265 INFO 16756 [egg-schedule]: register schedule C:\Users\DELL\Desktop\cake\cake\server\node_modules\egg-logrotator\app\schedule\clean_log.js
2020-09-21 16:23:43,265 INFO 16756 [egg-schedule]: register schedule C:\Users\DELL\Desktop\cake\cake\server\node_modules\egg-logrotator\app\schedule\rotate_by_file.js
