2020-09-21 13:39:57,009 INFO 11020 [egg:logger] init all loggers with options: {"dir":"C:\\Users\\DELL\\Desktop\\cake\\cake\\server\\logs\\app1","encoding":"utf8","env":"local","level":"INFO","consoleLevel":"INFO","disableConsoleAfterReady":false,"outputJSON":false,"buffer":true,"appLogName":"app1-web.log","coreLogName":"egg-web.log","agentLogName":"egg-agent.log","errorLogName":"common-error.log","coreLogger":{"consoleLevel":"WARN"},"allowDebugAtProd":false,"type":"application"}
2020-09-21 13:39:57,042 INFO 11020 [egg-multipart] file mode enable
2020-09-21 13:39:57,042 INFO 11020 [egg-multipart] will save temporary files to "C:\\Users\\DELL\\AppData\\Local\\Temp\\egg-multipart-tmp\\app1", cleanup job cron: "0 30 4 * * *"
2020-09-21 13:39:57,149 INFO 11020 [egg-static] starting static serve /public/ -> C:\Users\DELL\Desktop\cake\cake\server\app\public
2020-09-21 13:39:57,154 INFO 11020 [egg-security] use methodnoallow middleware
2020-09-21 13:39:57,155 INFO 11020 [egg-security] use noopen middleware
2020-09-21 13:39:57,156 INFO 11020 [egg-security] use nosniff middleware
2020-09-21 13:39:57,156 INFO 11020 [egg-security] use xssProtection middleware
2020-09-21 13:39:57,157 INFO 11020 [egg-security] use xframe middleware
2020-09-21 13:39:57,158 INFO 11020 [egg-security] use dta middleware
2020-09-21 13:39:57,158 INFO 11020 [egg-security] compose 6 middlewares into one security middleware
2020-09-21 13:39:57,169 INFO 11020 [egg:core] dump config after load, 5ms
2020-09-21 13:39:57,190 INFO 11020 [egg-watcher:application] watcher start success
2020-09-21 13:39:57,198 INFO 11020 [egg:core] dump config after ready, 7ms
2020-09-21 13:40:36,200 INFO 18856 [egg:logger] init all loggers with options: {"dir":"C:\\Users\\DELL\\Desktop\\cake\\cake\\server\\logs\\app1","encoding":"utf8","env":"local","level":"INFO","consoleLevel":"INFO","disableConsoleAfterReady":false,"outputJSON":false,"buffer":true,"appLogName":"app1-web.log","coreLogName":"egg-web.log","agentLogName":"egg-agent.log","errorLogName":"common-error.log","coreLogger":{"consoleLevel":"WARN"},"allowDebugAtProd":false,"type":"application"}
2020-09-21 13:40:36,233 INFO 18856 [egg-multipart] file mode enable
2020-09-21 13:40:36,233 INFO 18856 [egg-multipart] will save temporary files to "C:\\Users\\DELL\\AppData\\Local\\Temp\\egg-multipart-tmp\\app1", cleanup job cron: "0 30 4 * * *"
2020-09-21 13:40:36,342 INFO 18856 [egg-static] starting static serve /public/ -> C:\Users\DELL\Desktop\cake\cake\server\app\public
2020-09-21 13:40:36,344 INFO 18856 [egg-security] use methodnoallow middleware
2020-09-21 13:40:36,345 INFO 18856 [egg-security] use noopen middleware
2020-09-21 13:40:36,347 INFO 18856 [egg-security] use nosniff middleware
2020-09-21 13:40:36,347 INFO 18856 [egg-security] use xssProtection middleware
2020-09-21 13:40:36,348 INFO 18856 [egg-security] use xframe middleware
2020-09-21 13:40:36,349 INFO 18856 [egg-security] use dta middleware
2020-09-21 13:40:36,349 INFO 18856 [egg-security] compose 6 middlewares into one security middleware
2020-09-21 13:40:36,364 INFO 18856 [egg:core] dump config after load, 9ms
2020-09-21 13:40:36,383 INFO 18856 [egg-watcher:application] watcher start success
2020-09-21 13:40:36,400 INFO 18856 [egg:core] dump config after ready, 6ms
2020-09-21 13:42:31,427 INFO 16284 [egg:logger] init all loggers with options: {"dir":"C:\\Users\\DELL\\Desktop\\cake\\cake\\server\\logs\\app1","encoding":"utf8","env":"local","level":"INFO","consoleLevel":"INFO","disableConsoleAfterReady":false,"outputJSON":false,"buffer":true,"appLogName":"app1-web.log","coreLogName":"egg-web.log","agentLogName":"egg-agent.log","errorLogName":"common-error.log","coreLogger":{"consoleLevel":"WARN"},"allowDebugAtProd":false,"type":"application"}
2020-09-21 13:42:31,456 INFO 16284 [egg-multipart] file mode enable
2020-09-21 13:42:31,456 INFO 16284 [egg-multipart] will save temporary files to "C:\\Users\\DELL\\AppData\\Local\\Temp\\egg-multipart-tmp\\app1", cleanup job cron: "0 30 4 * * *"
2020-09-21 13:42:31,550 INFO 16284 [egg-static] starting static serve /public/ -> C:\Users\DELL\Desktop\cake\cake\server\app\public
2020-09-21 13:42:31,553 INFO 16284 [egg-security] use methodnoallow middleware
2020-09-21 13:42:31,553 INFO 16284 [egg-security] use noopen middleware
2020-09-21 13:42:31,554 INFO 16284 [egg-security] use nosniff middleware
2020-09-21 13:42:31,555 INFO 16284 [egg-security] use xssProtection middleware
2020-09-21 13:42:31,555 INFO 16284 [egg-security] use xframe middleware
2020-09-21 13:42:31,555 INFO 16284 [egg-security] use dta middleware
2020-09-21 13:42:31,555 INFO 16284 [egg-security] compose 6 middlewares into one security middleware
2020-09-21 13:42:31,565 INFO 16284 [egg:core] dump config after load, 6ms
2020-09-21 13:42:31,581 INFO 16284 [egg-watcher:application] watcher start success
2020-09-21 13:42:31,592 INFO 16284 [egg:core] dump config after ready, 4ms
2020-09-21 15:09:13,717 INFO 14236 [egg:logger] init all loggers with options: {"dir":"C:\\Users\\DELL\\Desktop\\cake\\cake\\server\\logs\\app1","encoding":"utf8","env":"local","level":"INFO","consoleLevel":"INFO","disableConsoleAfterReady":false,"outputJSON":false,"buffer":true,"appLogName":"app1-web.log","coreLogName":"egg-web.log","agentLogName":"egg-agent.log","errorLogName":"common-error.log","coreLogger":{"consoleLevel":"WARN"},"allowDebugAtProd":false,"type":"application"}
2020-09-21 15:09:13,760 INFO 14236 [egg-multipart] file mode enable
2020-09-21 15:09:13,760 INFO 14236 [egg-multipart] will save temporary files to "C:\\Users\\DELL\\AppData\\Local\\Temp\\egg-multipart-tmp\\app1", cleanup job cron: "0 30 4 * * *"
2020-09-21 15:09:13,885 INFO 14236 [egg-static] starting static serve /public/ -> C:\Users\DELL\Desktop\cake\cake\server\app\public
2020-09-21 15:09:13,888 INFO 14236 [egg-security] use methodnoallow middleware
2020-09-21 15:09:13,888 INFO 14236 [egg-security] use noopen middleware
2020-09-21 15:09:13,889 INFO 14236 [egg-security] use nosniff middleware
2020-09-21 15:09:13,890 INFO 14236 [egg-security] use xssProtection middleware
2020-09-21 15:09:13,890 INFO 14236 [egg-security] use xframe middleware
2020-09-21 15:09:13,891 INFO 14236 [egg-security] use dta middleware
2020-09-21 15:09:13,891 INFO 14236 [egg-security] compose 6 middlewares into one security middleware
2020-09-21 15:09:13,903 INFO 14236 [egg:core] dump config after load, 9ms
2020-09-21 15:09:13,925 INFO 14236 [egg-watcher:application] watcher start success
2020-09-21 15:09:13,947 INFO 14236 [egg:core] dump config after ready, 6ms
2020-09-21 15:11:36,062 INFO 17812 [egg:logger] init all loggers with options: {"dir":"C:\\Users\\DELL\\Desktop\\cake\\cake\\server\\logs\\app1","encoding":"utf8","env":"local","level":"INFO","consoleLevel":"INFO","disableConsoleAfterReady":false,"outputJSON":false,"buffer":true,"appLogName":"app1-web.log","coreLogName":"egg-web.log","agentLogName":"egg-agent.log","errorLogName":"common-error.log","coreLogger":{"consoleLevel":"WARN"},"allowDebugAtProd":false,"type":"application"}
2020-09-21 15:11:36,094 INFO 17812 [egg-multipart] file mode enable
2020-09-21 15:11:36,094 INFO 17812 [egg-multipart] will save temporary files to "C:\\Users\\DELL\\AppData\\Local\\Temp\\egg-multipart-tmp\\app1", cleanup job cron: "0 30 4 * * *"
2020-09-21 15:11:36,206 INFO 17812 [egg-static] starting static serve /public/ -> C:\Users\DELL\Desktop\cake\cake\server\app\public
2020-09-21 15:11:36,208 INFO 17812 [egg-security] use methodnoallow middleware
2020-09-21 15:11:36,208 INFO 17812 [egg-security] use noopen middleware
2020-09-21 15:11:36,209 INFO 17812 [egg-security] use nosniff middleware
2020-09-21 15:11:36,210 INFO 17812 [egg-security] use xssProtection middleware
2020-09-21 15:11:36,210 INFO 17812 [egg-security] use xframe middleware
2020-09-21 15:11:36,211 INFO 17812 [egg-security] use dta middleware
2020-09-21 15:11:36,211 INFO 17812 [egg-security] compose 6 middlewares into one security middleware
2020-09-21 15:11:36,224 INFO 17812 [egg:core] dump config after load, 8ms
2020-09-21 15:11:36,239 INFO 17812 [egg-watcher:application] watcher start success
2020-09-21 15:11:36,259 INFO 17812 [egg:core] dump config after ready, 10ms
2020-09-21 15:16:30,775 INFO 18172 [egg:logger] init all loggers with options: {"dir":"C:\\Users\\DELL\\Desktop\\cake\\cake\\server\\logs\\app1","encoding":"utf8","env":"local","level":"INFO","consoleLevel":"INFO","disableConsoleAfterReady":false,"outputJSON":false,"buffer":true,"appLogName":"app1-web.log","coreLogName":"egg-web.log","agentLogName":"egg-agent.log","errorLogName":"common-error.log","coreLogger":{"consoleLevel":"WARN"},"allowDebugAtProd":false,"type":"application"}
2020-09-21 15:16:30,812 INFO 18172 [egg-multipart] file mode enable
2020-09-21 15:16:30,812 INFO 18172 [egg-multipart] will save temporary files to "C:\\Users\\DELL\\AppData\\Local\\Temp\\egg-multipart-tmp\\app1", cleanup job cron: "0 30 4 * * *"
2020-09-21 15:16:30,924 INFO 18172 [egg-static] starting static serve /public/ -> C:\Users\DELL\Desktop\cake\cake\server\app\public
2020-09-21 15:16:30,928 INFO 18172 [egg-security] use methodnoallow middleware
2020-09-21 15:16:30,929 INFO 18172 [egg-security] use noopen middleware
2020-09-21 15:16:30,931 INFO 18172 [egg-security] use nosniff middleware
2020-09-21 15:16:30,933 INFO 18172 [egg-security] use xssProtection middleware
2020-09-21 15:16:30,934 INFO 18172 [egg-security] use xframe middleware
2020-09-21 15:16:30,935 INFO 18172 [egg-security] use dta middleware
2020-09-21 15:16:30,935 INFO 18172 [egg-security] compose 6 middlewares into one security middleware
2020-09-21 15:16:30,945 INFO 18172 [egg:core] dump config after load, 5ms
2020-09-21 15:16:30,964 INFO 18172 [egg-watcher:application] watcher start success
2020-09-21 15:16:30,977 INFO 18172 [egg:core] dump config after ready, 4ms
2020-09-21 15:17:34,687 INFO 18680 [egg:logger] init all loggers with options: {"dir":"C:\\Users\\DELL\\Desktop\\cake\\cake\\server\\logs\\app1","encoding":"utf8","env":"local","level":"INFO","consoleLevel":"INFO","disableConsoleAfterReady":false,"outputJSON":false,"buffer":true,"appLogName":"app1-web.log","coreLogName":"egg-web.log","agentLogName":"egg-agent.log","errorLogName":"common-error.log","coreLogger":{"consoleLevel":"WARN"},"allowDebugAtProd":false,"type":"application"}
2020-09-21 15:17:34,718 INFO 18680 [egg-multipart] file mode enable
2020-09-21 15:17:34,718 INFO 18680 [egg-multipart] will save temporary files to "C:\\Users\\DELL\\AppData\\Local\\Temp\\egg-multipart-tmp\\app1", cleanup job cron: "0 30 4 * * *"
2020-09-21 15:17:34,813 INFO 18680 [egg-static] starting static serve /public/ -> C:\Users\DELL\Desktop\cake\cake\server\app\public
2020-09-21 15:17:34,815 INFO 18680 [egg-security] use methodnoallow middleware
2020-09-21 15:17:34,816 INFO 18680 [egg-security] use noopen middleware
2020-09-21 15:17:34,817 INFO 18680 [egg-security] use nosniff middleware
2020-09-21 15:17:34,817 INFO 18680 [egg-security] use xssProtection middleware
2020-09-21 15:17:34,818 INFO 18680 [egg-security] use xframe middleware
2020-09-21 15:17:34,818 INFO 18680 [egg-security] use dta middleware
2020-09-21 15:17:34,818 INFO 18680 [egg-security] compose 6 middlewares into one security middleware
2020-09-21 15:17:34,828 INFO 18680 [egg:core] dump config after load, 6ms
2020-09-21 15:17:34,845 INFO 18680 [egg-watcher:application] watcher start success
2020-09-21 15:17:34,852 INFO 18680 [egg:core] dump config after ready, 5ms
2020-09-21 15:47:30,140 INFO 15436 [egg:logger] init all loggers with options: {"dir":"C:\\Users\\DELL\\Desktop\\cake\\cake\\server\\logs\\app1","encoding":"utf8","env":"local","level":"INFO","consoleLevel":"INFO","disableConsoleAfterReady":false,"outputJSON":false,"buffer":true,"appLogName":"app1-web.log","coreLogName":"egg-web.log","agentLogName":"egg-agent.log","errorLogName":"common-error.log","coreLogger":{"consoleLevel":"WARN"},"allowDebugAtProd":false,"type":"application"}
2020-09-21 15:47:30,168 INFO 15436 [egg-multipart] file mode enable
2020-09-21 15:47:30,168 INFO 15436 [egg-multipart] will save temporary files to "C:\\Users\\DELL\\AppData\\Local\\Temp\\egg-multipart-tmp\\app1", cleanup job cron: "0 30 4 * * *"
2020-09-21 15:47:30,261 INFO 15436 [egg-static] starting static serve /public/ -> C:\Users\DELL\Desktop\cake\cake\server\app\public
2020-09-21 15:47:30,263 INFO 15436 [egg-security] use methodnoallow middleware
2020-09-21 15:47:30,264 INFO 15436 [egg-security] use noopen middleware
2020-09-21 15:47:30,265 INFO 15436 [egg-security] use nosniff middleware
2020-09-21 15:47:30,265 INFO 15436 [egg-security] use xssProtection middleware
2020-09-21 15:47:30,266 INFO 15436 [egg-security] use xframe middleware
2020-09-21 15:47:30,266 INFO 15436 [egg-security] use dta middleware
2020-09-21 15:47:30,266 INFO 15436 [egg-security] compose 6 middlewares into one security middleware
2020-09-21 15:47:30,275 INFO 15436 [egg:core] dump config after load, 5ms
2020-09-21 15:47:30,291 INFO 15436 [egg-watcher:application] watcher start success
2020-09-21 15:47:30,302 INFO 15436 [egg:core] dump config after ready, 4ms
2020-09-21 15:50:11,611 INFO 13096 [egg:logger] init all loggers with options: {"dir":"C:\\Users\\DELL\\Desktop\\cake\\cake\\server\\logs\\app1","encoding":"utf8","env":"local","level":"INFO","consoleLevel":"INFO","disableConsoleAfterReady":false,"outputJSON":false,"buffer":true,"appLogName":"app1-web.log","coreLogName":"egg-web.log","agentLogName":"egg-agent.log","errorLogName":"common-error.log","coreLogger":{"consoleLevel":"WARN"},"allowDebugAtProd":false,"type":"application"}
2020-09-21 15:50:11,639 INFO 13096 [egg-multipart] file mode enable
2020-09-21 15:50:11,639 INFO 13096 [egg-multipart] will save temporary files to "C:\\Users\\DELL\\AppData\\Local\\Temp\\egg-multipart-tmp\\app1", cleanup job cron: "0 30 4 * * *"
2020-09-21 15:50:11,733 INFO 13096 [egg-static] starting static serve /public/ -> C:\Users\DELL\Desktop\cake\cake\server\app\public
2020-09-21 15:50:11,736 INFO 13096 [egg-security] use methodnoallow middleware
2020-09-21 15:50:11,736 INFO 13096 [egg-security] use noopen middleware
2020-09-21 15:50:11,737 INFO 13096 [egg-security] use nosniff middleware
2020-09-21 15:50:11,738 INFO 13096 [egg-security] use xssProtection middleware
2020-09-21 15:50:11,738 INFO 13096 [egg-security] use xframe middleware
2020-09-21 15:50:11,738 INFO 13096 [egg-security] use dta middleware
2020-09-21 15:50:11,738 INFO 13096 [egg-security] compose 6 middlewares into one security middleware
2020-09-21 15:50:11,748 INFO 13096 [egg:core] dump config after load, 6ms
2020-09-21 15:50:11,764 INFO 13096 [egg-watcher:application] watcher start success
2020-09-21 15:50:11,775 INFO 13096 [egg:core] dump config after ready, 5ms
2020-09-21 15:50:23,761 INFO 12884 [egg:logger] init all loggers with options: {"dir":"C:\\Users\\DELL\\Desktop\\cake\\cake\\server\\logs\\app1","encoding":"utf8","env":"local","level":"INFO","consoleLevel":"INFO","disableConsoleAfterReady":false,"outputJSON":false,"buffer":true,"appLogName":"app1-web.log","coreLogName":"egg-web.log","agentLogName":"egg-agent.log","errorLogName":"common-error.log","coreLogger":{"consoleLevel":"WARN"},"allowDebugAtProd":false,"type":"application"}
2020-09-21 15:50:23,789 INFO 12884 [egg-multipart] file mode enable
2020-09-21 15:50:23,789 INFO 12884 [egg-multipart] will save temporary files to "C:\\Users\\DELL\\AppData\\Local\\Temp\\egg-multipart-tmp\\app1", cleanup job cron: "0 30 4 * * *"
2020-09-21 15:50:23,882 INFO 12884 [egg-static] starting static serve /public/ -> C:\Users\DELL\Desktop\cake\cake\server\app\public
2020-09-21 15:50:23,884 INFO 12884 [egg-security] use methodnoallow middleware
2020-09-21 15:50:23,884 INFO 12884 [egg-security] use noopen middleware
2020-09-21 15:50:23,885 INFO 12884 [egg-security] use nosniff middleware
2020-09-21 15:50:23,886 INFO 12884 [egg-security] use xssProtection middleware
2020-09-21 15:50:23,886 INFO 12884 [egg-security] use xframe middleware
2020-09-21 15:50:23,887 INFO 12884 [egg-security] use dta middleware
2020-09-21 15:50:23,887 INFO 12884 [egg-security] compose 6 middlewares into one security middleware
2020-09-21 15:50:23,896 INFO 12884 [egg:core] dump config after load, 5ms
2020-09-21 15:50:23,917 INFO 12884 [egg-watcher:application] watcher start success
2020-09-21 15:50:23,926 INFO 12884 [egg:core] dump config after ready, 6ms
2020-09-21 15:51:38,687 INFO 14136 [egg:logger] init all loggers with options: {"dir":"C:\\Users\\DELL\\Desktop\\cake\\cake\\server\\logs\\app1","encoding":"utf8","env":"local","level":"INFO","consoleLevel":"INFO","disableConsoleAfterReady":false,"outputJSON":false,"buffer":true,"appLogName":"app1-web.log","coreLogName":"egg-web.log","agentLogName":"egg-agent.log","errorLogName":"common-error.log","coreLogger":{"consoleLevel":"WARN"},"allowDebugAtProd":false,"type":"application"}
2020-09-21 15:51:38,719 INFO 14136 [egg-multipart] file mode enable
2020-09-21 15:51:38,719 INFO 14136 [egg-multipart] will save temporary files to "C:\\Users\\DELL\\AppData\\Local\\Temp\\egg-multipart-tmp\\app1", cleanup job cron: "0 30 4 * * *"
2020-09-21 15:51:38,815 INFO 14136 [egg-static] starting static serve /public/ -> C:\Users\DELL\Desktop\cake\cake\server\app\public
2020-09-21 15:51:38,817 INFO 14136 [egg-security] use methodnoallow middleware
2020-09-21 15:51:38,818 INFO 14136 [egg-security] use noopen middleware
2020-09-21 15:51:38,819 INFO 14136 [egg-security] use nosniff middleware
2020-09-21 15:51:38,819 INFO 14136 [egg-security] use xssProtection middleware
2020-09-21 15:51:38,820 INFO 14136 [egg-security] use xframe middleware
2020-09-21 15:51:38,820 INFO 14136 [egg-security] use dta middleware
2020-09-21 15:51:38,820 INFO 14136 [egg-security] compose 6 middlewares into one security middleware
2020-09-21 15:51:38,831 INFO 14136 [egg:core] dump config after load, 6ms
2020-09-21 15:51:38,845 INFO 14136 [egg-watcher:application] watcher start success
2020-09-21 15:51:38,857 INFO 14136 [egg:core] dump config after ready, 5ms
2020-09-21 15:55:21,700 INFO 15580 [egg:logger] init all loggers with options: {"dir":"C:\\Users\\DELL\\Desktop\\cake\\cake\\server\\logs\\app1","encoding":"utf8","env":"local","level":"INFO","consoleLevel":"INFO","disableConsoleAfterReady":false,"outputJSON":false,"buffer":true,"appLogName":"app1-web.log","coreLogName":"egg-web.log","agentLogName":"egg-agent.log","errorLogName":"common-error.log","coreLogger":{"consoleLevel":"WARN"},"allowDebugAtProd":false,"type":"application"}
2020-09-21 15:55:21,729 INFO 15580 [egg-multipart] file mode enable
2020-09-21 15:55:21,729 INFO 15580 [egg-multipart] will save temporary files to "C:\\Users\\DELL\\AppData\\Local\\Temp\\egg-multipart-tmp\\app1", cleanup job cron: "0 30 4 * * *"
2020-09-21 15:55:21,824 INFO 15580 [egg-static] starting static serve /public/ -> C:\Users\DELL\Desktop\cake\cake\server\app\public
2020-09-21 15:55:21,827 INFO 15580 [egg-security] use methodnoallow middleware
2020-09-21 15:55:21,828 INFO 15580 [egg-security] use noopen middleware
2020-09-21 15:55:21,828 INFO 15580 [egg-security] use nosniff middleware
2020-09-21 15:55:21,829 INFO 15580 [egg-security] use xssProtection middleware
2020-09-21 15:55:21,829 INFO 15580 [egg-security] use xframe middleware
2020-09-21 15:55:21,830 INFO 15580 [egg-security] use dta middleware
2020-09-21 15:55:21,830 INFO 15580 [egg-security] compose 6 middlewares into one security middleware
2020-09-21 15:55:21,840 INFO 15580 [egg:core] dump config after load, 7ms
2020-09-21 15:55:21,855 INFO 15580 [egg-watcher:application] watcher start success
2020-09-21 15:55:21,867 INFO 15580 [egg:core] dump config after ready, 5ms
2020-09-21 16:02:57,366 INFO 12244 [egg:logger] init all loggers with options: {"dir":"C:\\Users\\DELL\\Desktop\\cake\\cake\\server\\logs\\app1","encoding":"utf8","env":"local","level":"INFO","consoleLevel":"INFO","disableConsoleAfterReady":false,"outputJSON":false,"buffer":true,"appLogName":"app1-web.log","coreLogName":"egg-web.log","agentLogName":"egg-agent.log","errorLogName":"common-error.log","coreLogger":{"consoleLevel":"WARN"},"allowDebugAtProd":false,"type":"application"}
2020-09-21 16:02:57,398 INFO 12244 [egg-multipart] file mode enable
2020-09-21 16:02:57,398 INFO 12244 [egg-multipart] will save temporary files to "C:\\Users\\DELL\\AppData\\Local\\Temp\\egg-multipart-tmp\\app1", cleanup job cron: "0 30 4 * * *"
2020-09-21 16:02:57,503 INFO 12244 [egg-static] starting static serve /public/ -> C:\Users\DELL\Desktop\cake\cake\server\app\public
2020-09-21 16:02:57,506 INFO 12244 [egg-security] use methodnoallow middleware
2020-09-21 16:02:57,507 INFO 12244 [egg-security] use noopen middleware
2020-09-21 16:02:57,509 INFO 12244 [egg-security] use nosniff middleware
2020-09-21 16:02:57,510 INFO 12244 [egg-security] use xssProtection middleware
2020-09-21 16:02:57,510 INFO 12244 [egg-security] use xframe middleware
2020-09-21 16:02:57,510 INFO 12244 [egg-security] use dta middleware
2020-09-21 16:02:57,510 INFO 12244 [egg-security] compose 6 middlewares into one security middleware
2020-09-21 16:02:57,520 INFO 12244 [egg:core] dump config after load, 6ms
2020-09-21 16:02:57,536 INFO 12244 [egg-watcher:application] watcher start success
2020-09-21 16:02:57,545 INFO 12244 [egg:core] dump config after ready, 6ms
2020-09-21 16:03:09,337 INFO 15400 [egg:logger] init all loggers with options: {"dir":"C:\\Users\\DELL\\Desktop\\cake\\cake\\server\\logs\\app1","encoding":"utf8","env":"local","level":"INFO","consoleLevel":"INFO","disableConsoleAfterReady":false,"outputJSON":false,"buffer":true,"appLogName":"app1-web.log","coreLogName":"egg-web.log","agentLogName":"egg-agent.log","errorLogName":"common-error.log","coreLogger":{"consoleLevel":"WARN"},"allowDebugAtProd":false,"type":"application"}
2020-09-21 16:03:09,365 INFO 15400 [egg-multipart] file mode enable
2020-09-21 16:03:09,365 INFO 15400 [egg-multipart] will save temporary files to "C:\\Users\\DELL\\AppData\\Local\\Temp\\egg-multipart-tmp\\app1", cleanup job cron: "0 30 4 * * *"
2020-09-21 16:03:09,462 INFO 15400 [egg-static] starting static serve /public/ -> C:\Users\DELL\Desktop\cake\cake\server\app\public
2020-09-21 16:03:09,464 INFO 15400 [egg-security] use methodnoallow middleware
2020-09-21 16:03:09,465 INFO 15400 [egg-security] use noopen middleware
2020-09-21 16:03:09,466 INFO 15400 [egg-security] use nosniff middleware
2020-09-21 16:03:09,466 INFO 15400 [egg-security] use xssProtection middleware
2020-09-21 16:03:09,467 INFO 15400 [egg-security] use xframe middleware
2020-09-21 16:03:09,467 INFO 15400 [egg-security] use dta middleware
2020-09-21 16:03:09,467 INFO 15400 [egg-security] compose 6 middlewares into one security middleware
2020-09-21 16:03:09,477 INFO 15400 [egg:core] dump config after load, 6ms
2020-09-21 16:03:09,494 INFO 15400 [egg-watcher:application] watcher start success
2020-09-21 16:03:09,507 INFO 15400 [egg:core] dump config after ready, 6ms
2020-09-21 16:08:28,083 INFO 11860 [egg:logger] init all loggers with options: {"dir":"C:\\Users\\DELL\\Desktop\\cake\\cake\\server\\logs\\app1","encoding":"utf8","env":"local","level":"INFO","consoleLevel":"INFO","disableConsoleAfterReady":false,"outputJSON":false,"buffer":true,"appLogName":"app1-web.log","coreLogName":"egg-web.log","agentLogName":"egg-agent.log","errorLogName":"common-error.log","coreLogger":{"consoleLevel":"WARN"},"allowDebugAtProd":false,"type":"application"}
2020-09-21 16:08:28,111 INFO 11860 [egg-multipart] file mode enable
2020-09-21 16:08:28,111 INFO 11860 [egg-multipart] will save temporary files to "C:\\Users\\DELL\\AppData\\Local\\Temp\\egg-multipart-tmp\\app1", cleanup job cron: "0 30 4 * * *"
2020-09-21 16:08:28,203 INFO 11860 [egg-static] starting static serve /public/ -> C:\Users\DELL\Desktop\cake\cake\server\app\public
2020-09-21 16:08:28,205 INFO 11860 [egg-security] use methodnoallow middleware
2020-09-21 16:08:28,205 INFO 11860 [egg-security] use noopen middleware
2020-09-21 16:08:28,206 INFO 11860 [egg-security] use nosniff middleware
2020-09-21 16:08:28,207 INFO 11860 [egg-security] use xssProtection middleware
2020-09-21 16:08:28,207 INFO 11860 [egg-security] use xframe middleware
2020-09-21 16:08:28,208 INFO 11860 [egg-security] use dta middleware
2020-09-21 16:08:28,208 INFO 11860 [egg-security] compose 6 middlewares into one security middleware
2020-09-21 16:08:28,217 INFO 11860 [egg:core] dump config after load, 6ms
2020-09-21 16:08:28,231 INFO 11860 [egg-watcher:application] watcher start success
2020-09-21 16:08:28,242 INFO 11860 [egg:core] dump config after ready, 4ms
2020-09-21 16:08:43,305 INFO 15900 [egg:logger] init all loggers with options: {"dir":"C:\\Users\\DELL\\Desktop\\cake\\cake\\server\\logs\\app1","encoding":"utf8","env":"local","level":"INFO","consoleLevel":"INFO","disableConsoleAfterReady":false,"outputJSON":false,"buffer":true,"appLogName":"app1-web.log","coreLogName":"egg-web.log","agentLogName":"egg-agent.log","errorLogName":"common-error.log","coreLogger":{"consoleLevel":"WARN"},"allowDebugAtProd":false,"type":"application"}
2020-09-21 16:08:43,333 INFO 15900 [egg-multipart] file mode enable
2020-09-21 16:08:43,333 INFO 15900 [egg-multipart] will save temporary files to "C:\\Users\\DELL\\AppData\\Local\\Temp\\egg-multipart-tmp\\app1", cleanup job cron: "0 30 4 * * *"
2020-09-21 16:08:43,440 INFO 15900 [egg-static] starting static serve /public/ -> C:\Users\DELL\Desktop\cake\cake\server\app\public
2020-09-21 16:08:43,442 INFO 15900 [egg-security] use methodnoallow middleware
2020-09-21 16:08:43,443 INFO 15900 [egg-security] use noopen middleware
2020-09-21 16:08:43,443 INFO 15900 [egg-security] use nosniff middleware
2020-09-21 16:08:43,444 INFO 15900 [egg-security] use xssProtection middleware
2020-09-21 16:08:43,444 INFO 15900 [egg-security] use xframe middleware
2020-09-21 16:08:43,445 INFO 15900 [egg-security] use dta middleware
2020-09-21 16:08:43,445 INFO 15900 [egg-security] compose 6 middlewares into one security middleware
2020-09-21 16:08:43,454 INFO 15900 [egg:core] dump config after load, 6ms
2020-09-21 16:08:43,470 INFO 15900 [egg-watcher:application] watcher start success
2020-09-21 16:08:43,483 INFO 15900 [egg:core] dump config after ready, 4ms
2020-09-21 16:09:10,727 INFO 17768 [egg:logger] init all loggers with options: {"dir":"C:\\Users\\DELL\\Desktop\\cake\\cake\\server\\logs\\app1","encoding":"utf8","env":"local","level":"INFO","consoleLevel":"INFO","disableConsoleAfterReady":false,"outputJSON":false,"buffer":true,"appLogName":"app1-web.log","coreLogName":"egg-web.log","agentLogName":"egg-agent.log","errorLogName":"common-error.log","coreLogger":{"consoleLevel":"WARN"},"allowDebugAtProd":false,"type":"application"}
2020-09-21 16:09:10,756 INFO 17768 [egg-multipart] file mode enable
2020-09-21 16:09:10,756 INFO 17768 [egg-multipart] will save temporary files to "C:\\Users\\DELL\\AppData\\Local\\Temp\\egg-multipart-tmp\\app1", cleanup job cron: "0 30 4 * * *"
2020-09-21 16:09:10,851 INFO 17768 [egg-static] starting static serve /public/ -> C:\Users\DELL\Desktop\cake\cake\server\app\public
2020-09-21 16:09:10,853 INFO 17768 [egg-security] use methodnoallow middleware
2020-09-21 16:09:10,854 INFO 17768 [egg-security] use noopen middleware
2020-09-21 16:09:10,855 INFO 17768 [egg-security] use nosniff middleware
2020-09-21 16:09:10,856 INFO 17768 [egg-security] use xssProtection middleware
2020-09-21 16:09:10,856 INFO 17768 [egg-security] use xframe middleware
2020-09-21 16:09:10,857 INFO 17768 [egg-security] use dta middleware
2020-09-21 16:09:10,857 INFO 17768 [egg-security] compose 6 middlewares into one security middleware
2020-09-21 16:09:10,866 INFO 17768 [egg:core] dump config after load, 5ms
2020-09-21 16:09:10,882 INFO 17768 [egg-watcher:application] watcher start success
2020-09-21 16:09:10,893 INFO 17768 [egg:core] dump config after ready, 4ms
2020-09-21 16:09:12,132 INFO 4964 [egg:logger] init all loggers with options: {"dir":"C:\\Users\\DELL\\Desktop\\cake\\cake\\server\\logs\\app1","encoding":"utf8","env":"local","level":"INFO","consoleLevel":"INFO","disableConsoleAfterReady":false,"outputJSON":false,"buffer":true,"appLogName":"app1-web.log","coreLogName":"egg-web.log","agentLogName":"egg-agent.log","errorLogName":"common-error.log","coreLogger":{"consoleLevel":"WARN"},"allowDebugAtProd":false,"type":"application"}
2020-09-21 16:09:12,177 INFO 4964 [egg-multipart] file mode enable
2020-09-21 16:09:12,177 INFO 4964 [egg-multipart] will save temporary files to "C:\\Users\\DELL\\AppData\\Local\\Temp\\egg-multipart-tmp\\app1", cleanup job cron: "0 30 4 * * *"
2020-09-21 16:09:12,277 INFO 4964 [egg-static] starting static serve /public/ -> C:\Users\DELL\Desktop\cake\cake\server\app\public
2020-09-21 16:09:12,280 INFO 4964 [egg-security] use methodnoallow middleware
2020-09-21 16:09:12,281 INFO 4964 [egg-security] use noopen middleware
2020-09-21 16:09:12,282 INFO 4964 [egg-security] use nosniff middleware
2020-09-21 16:09:12,283 INFO 4964 [egg-security] use xssProtection middleware
2020-09-21 16:09:12,283 INFO 4964 [egg-security] use xframe middleware
2020-09-21 16:09:12,284 INFO 4964 [egg-security] use dta middleware
2020-09-21 16:09:12,284 INFO 4964 [egg-security] compose 6 middlewares into one security middleware
2020-09-21 16:09:12,295 INFO 4964 [egg:core] dump config after load, 8ms
2020-09-21 16:09:12,317 INFO 4964 [egg-watcher:application] watcher start success
2020-09-21 16:09:12,330 INFO 4964 [egg:core] dump config after ready, 5ms
2020-09-21 16:09:25,914 INFO 17260 [egg:logger] init all loggers with options: {"dir":"C:\\Users\\DELL\\Desktop\\cake\\cake\\server\\logs\\app1","encoding":"utf8","env":"local","level":"INFO","consoleLevel":"INFO","disableConsoleAfterReady":false,"outputJSON":false,"buffer":true,"appLogName":"app1-web.log","coreLogName":"egg-web.log","agentLogName":"egg-agent.log","errorLogName":"common-error.log","coreLogger":{"consoleLevel":"WARN"},"allowDebugAtProd":false,"type":"application"}
2020-09-21 16:09:25,944 INFO 17260 [egg-multipart] file mode enable
2020-09-21 16:09:25,944 INFO 17260 [egg-multipart] will save temporary files to "C:\\Users\\DELL\\AppData\\Local\\Temp\\egg-multipart-tmp\\app1", cleanup job cron: "0 30 4 * * *"
2020-09-21 16:09:26,037 INFO 17260 [egg-static] starting static serve /public/ -> C:\Users\DELL\Desktop\cake\cake\server\app\public
2020-09-21 16:09:26,040 INFO 17260 [egg-security] use methodnoallow middleware
2020-09-21 16:09:26,040 INFO 17260 [egg-security] use noopen middleware
2020-09-21 16:09:26,041 INFO 17260 [egg-security] use nosniff middleware
2020-09-21 16:09:26,042 INFO 17260 [egg-security] use xssProtection middleware
2020-09-21 16:09:26,042 INFO 17260 [egg-security] use xframe middleware
2020-09-21 16:09:26,043 INFO 17260 [egg-security] use dta middleware
2020-09-21 16:09:26,043 INFO 17260 [egg-security] compose 6 middlewares into one security middleware
2020-09-21 16:09:26,052 INFO 17260 [egg:core] dump config after load, 6ms
2020-09-21 16:09:26,068 INFO 17260 [egg-watcher:application] watcher start success
2020-09-21 16:09:26,081 INFO 17260 [egg:core] dump config after ready, 5ms
2020-09-21 16:09:41,701 INFO 15984 [egg:logger] init all loggers with options: {"dir":"C:\\Users\\DELL\\Desktop\\cake\\cake\\server\\logs\\app1","encoding":"utf8","env":"local","level":"INFO","consoleLevel":"INFO","disableConsoleAfterReady":false,"outputJSON":false,"buffer":true,"appLogName":"app1-web.log","coreLogName":"egg-web.log","agentLogName":"egg-agent.log","errorLogName":"common-error.log","coreLogger":{"consoleLevel":"WARN"},"allowDebugAtProd":false,"type":"application"}
2020-09-21 16:09:41,729 INFO 15984 [egg-multipart] file mode enable
2020-09-21 16:09:41,729 INFO 15984 [egg-multipart] will save temporary files to "C:\\Users\\DELL\\AppData\\Local\\Temp\\egg-multipart-tmp\\app1", cleanup job cron: "0 30 4 * * *"
2020-09-21 16:09:41,820 INFO 15984 [egg-static] starting static serve /public/ -> C:\Users\DELL\Desktop\cake\cake\server\app\public
2020-09-21 16:09:41,822 INFO 15984 [egg-security] use methodnoallow middleware
2020-09-21 16:09:41,823 INFO 15984 [egg-security] use noopen middleware
2020-09-21 16:09:41,823 INFO 15984 [egg-security] use nosniff middleware
2020-09-21 16:09:41,824 INFO 15984 [egg-security] use xssProtection middleware
2020-09-21 16:09:41,824 INFO 15984 [egg-security] use xframe middleware
2020-09-21 16:09:41,825 INFO 15984 [egg-security] use dta middleware
2020-09-21 16:09:41,825 INFO 15984 [egg-security] compose 6 middlewares into one security middleware
2020-09-21 16:09:41,834 INFO 15984 [egg:core] dump config after load, 6ms
2020-09-21 16:09:41,849 INFO 15984 [egg-watcher:application] watcher start success
2020-09-21 16:09:41,861 INFO 15984 [egg:core] dump config after ready, 5ms
2020-09-21 16:09:47,350 INFO 8880 [egg:logger] init all loggers with options: {"dir":"C:\\Users\\DELL\\Desktop\\cake\\cake\\server\\logs\\app1","encoding":"utf8","env":"local","level":"INFO","consoleLevel":"INFO","disableConsoleAfterReady":false,"outputJSON":false,"buffer":true,"appLogName":"app1-web.log","coreLogName":"egg-web.log","agentLogName":"egg-agent.log","errorLogName":"common-error.log","coreLogger":{"consoleLevel":"WARN"},"allowDebugAtProd":false,"type":"application"}
2020-09-21 16:09:47,378 INFO 8880 [egg-multipart] file mode enable
2020-09-21 16:09:47,378 INFO 8880 [egg-multipart] will save temporary files to "C:\\Users\\DELL\\AppData\\Local\\Temp\\egg-multipart-tmp\\app1", cleanup job cron: "0 30 4 * * *"
2020-09-21 16:09:47,478 INFO 8880 [egg-static] starting static serve /public/ -> C:\Users\DELL\Desktop\cake\cake\server\app\public
2020-09-21 16:09:47,481 INFO 8880 [egg-security] use methodnoallow middleware
2020-09-21 16:09:47,481 INFO 8880 [egg-security] use noopen middleware
2020-09-21 16:09:47,482 INFO 8880 [egg-security] use nosniff middleware
2020-09-21 16:09:47,483 INFO 8880 [egg-security] use xssProtection middleware
2020-09-21 16:09:47,483 INFO 8880 [egg-security] use xframe middleware
2020-09-21 16:09:47,484 INFO 8880 [egg-security] use dta middleware
2020-09-21 16:09:47,484 INFO 8880 [egg-security] compose 6 middlewares into one security middleware
2020-09-21 16:09:47,493 INFO 8880 [egg:core] dump config after load, 6ms
2020-09-21 16:09:47,512 INFO 8880 [egg-watcher:application] watcher start success
2020-09-21 16:09:47,523 INFO 8880 [egg:core] dump config after ready, 5ms
2020-09-21 16:09:57,431 INFO 18120 [egg:logger] init all loggers with options: {"dir":"C:\\Users\\DELL\\Desktop\\cake\\cake\\server\\logs\\app1","encoding":"utf8","env":"local","level":"INFO","consoleLevel":"INFO","disableConsoleAfterReady":false,"outputJSON":false,"buffer":true,"appLogName":"app1-web.log","coreLogName":"egg-web.log","agentLogName":"egg-agent.log","errorLogName":"common-error.log","coreLogger":{"consoleLevel":"WARN"},"allowDebugAtProd":false,"type":"application"}
2020-09-21 16:09:57,459 INFO 18120 [egg-multipart] file mode enable
2020-09-21 16:09:57,459 INFO 18120 [egg-multipart] will save temporary files to "C:\\Users\\DELL\\AppData\\Local\\Temp\\egg-multipart-tmp\\app1", cleanup job cron: "0 30 4 * * *"
2020-09-21 16:09:57,550 INFO 18120 [egg-static] starting static serve /public/ -> C:\Users\DELL\Desktop\cake\cake\server\app\public
2020-09-21 16:09:57,553 INFO 18120 [egg-security] use methodnoallow middleware
2020-09-21 16:09:57,553 INFO 18120 [egg-security] use noopen middleware
2020-09-21 16:09:57,554 INFO 18120 [egg-security] use nosniff middleware
2020-09-21 16:09:57,555 INFO 18120 [egg-security] use xssProtection middleware
2020-09-21 16:09:57,555 INFO 18120 [egg-security] use xframe middleware
2020-09-21 16:09:57,555 INFO 18120 [egg-security] use dta middleware
2020-09-21 16:09:57,555 INFO 18120 [egg-security] compose 6 middlewares into one security middleware
2020-09-21 16:09:57,567 INFO 18120 [egg:core] dump config after load, 6ms
2020-09-21 16:09:57,583 INFO 18120 [egg-watcher:application] watcher start success
2020-09-21 16:09:57,595 INFO 18120 [egg:core] dump config after ready, 5ms
2020-09-21 16:10:03,290 INFO 11536 [egg:logger] init all loggers with options: {"dir":"C:\\Users\\DELL\\Desktop\\cake\\cake\\server\\logs\\app1","encoding":"utf8","env":"local","level":"INFO","consoleLevel":"INFO","disableConsoleAfterReady":false,"outputJSON":false,"buffer":true,"appLogName":"app1-web.log","coreLogName":"egg-web.log","agentLogName":"egg-agent.log","errorLogName":"common-error.log","coreLogger":{"consoleLevel":"WARN"},"allowDebugAtProd":false,"type":"application"}
2020-09-21 16:10:03,322 INFO 11536 [egg-multipart] file mode enable
2020-09-21 16:10:03,322 INFO 11536 [egg-multipart] will save temporary files to "C:\\Users\\DELL\\AppData\\Local\\Temp\\egg-multipart-tmp\\app1", cleanup job cron: "0 30 4 * * *"
2020-09-21 16:10:03,443 INFO 11536 [egg-static] starting static serve /public/ -> C:\Users\DELL\Desktop\cake\cake\server\app\public
2020-09-21 16:10:03,445 INFO 11536 [egg-security] use methodnoallow middleware
2020-09-21 16:10:03,446 INFO 11536 [egg-security] use noopen middleware
2020-09-21 16:10:03,447 INFO 11536 [egg-security] use nosniff middleware
2020-09-21 16:10:03,447 INFO 11536 [egg-security] use xssProtection middleware
2020-09-21 16:10:03,448 INFO 11536 [egg-security] use xframe middleware
2020-09-21 16:10:03,448 INFO 11536 [egg-security] use dta middleware
2020-09-21 16:10:03,448 INFO 11536 [egg-security] compose 6 middlewares into one security middleware
2020-09-21 16:10:03,457 INFO 11536 [egg:core] dump config after load, 5ms
2020-09-21 16:10:03,474 INFO 11536 [egg-watcher:application] watcher start success
2020-09-21 16:10:03,485 INFO 11536 [egg:core] dump config after ready, 4ms
2020-09-21 16:10:17,474 INFO 16532 [egg:logger] init all loggers with options: {"dir":"C:\\Users\\DELL\\Desktop\\cake\\cake\\server\\logs\\app1","encoding":"utf8","env":"local","level":"INFO","consoleLevel":"INFO","disableConsoleAfterReady":false,"outputJSON":false,"buffer":true,"appLogName":"app1-web.log","coreLogName":"egg-web.log","agentLogName":"egg-agent.log","errorLogName":"common-error.log","coreLogger":{"consoleLevel":"WARN"},"allowDebugAtProd":false,"type":"application"}
2020-09-21 16:10:17,503 INFO 16532 [egg-multipart] file mode enable
2020-09-21 16:10:17,503 INFO 16532 [egg-multipart] will save temporary files to "C:\\Users\\DELL\\AppData\\Local\\Temp\\egg-multipart-tmp\\app1", cleanup job cron: "0 30 4 * * *"
2020-09-21 16:10:17,604 INFO 16532 [egg-static] starting static serve /public/ -> C:\Users\DELL\Desktop\cake\cake\server\app\public
2020-09-21 16:10:17,607 INFO 16532 [egg-security] use methodnoallow middleware
2020-09-21 16:10:17,607 INFO 16532 [egg-security] use noopen middleware
2020-09-21 16:10:17,608 INFO 16532 [egg-security] use nosniff middleware
2020-09-21 16:10:17,609 INFO 16532 [egg-security] use xssProtection middleware
2020-09-21 16:10:17,609 INFO 16532 [egg-security] use xframe middleware
2020-09-21 16:10:17,610 INFO 16532 [egg-security] use dta middleware
2020-09-21 16:10:17,610 INFO 16532 [egg-security] compose 6 middlewares into one security middleware
2020-09-21 16:10:17,619 INFO 16532 [egg:core] dump config after load, 6ms
2020-09-21 16:10:17,635 INFO 16532 [egg-watcher:application] watcher start success
2020-09-21 16:10:17,650 INFO 16532 [egg:core] dump config after ready, 6ms
2020-09-21 16:10:20,274 INFO 9524 [egg:logger] init all loggers with options: {"dir":"C:\\Users\\DELL\\Desktop\\cake\\cake\\server\\logs\\app1","encoding":"utf8","env":"local","level":"INFO","consoleLevel":"INFO","disableConsoleAfterReady":false,"outputJSON":false,"buffer":true,"appLogName":"app1-web.log","coreLogName":"egg-web.log","agentLogName":"egg-agent.log","errorLogName":"common-error.log","coreLogger":{"consoleLevel":"WARN"},"allowDebugAtProd":false,"type":"application"}
2020-09-21 16:10:20,303 INFO 9524 [egg-multipart] file mode enable
2020-09-21 16:10:20,303 INFO 9524 [egg-multipart] will save temporary files to "C:\\Users\\DELL\\AppData\\Local\\Temp\\egg-multipart-tmp\\app1", cleanup job cron: "0 30 4 * * *"
2020-09-21 16:10:20,399 INFO 9524 [egg-static] starting static serve /public/ -> C:\Users\DELL\Desktop\cake\cake\server\app\public
2020-09-21 16:10:20,401 INFO 9524 [egg-security] use methodnoallow middleware
2020-09-21 16:10:20,402 INFO 9524 [egg-security] use noopen middleware
2020-09-21 16:10:20,403 INFO 9524 [egg-security] use nosniff middleware
2020-09-21 16:10:20,403 INFO 9524 [egg-security] use xssProtection middleware
2020-09-21 16:10:20,404 INFO 9524 [egg-security] use xframe middleware
2020-09-21 16:10:20,404 INFO 9524 [egg-security] use dta middleware
2020-09-21 16:10:20,404 INFO 9524 [egg-security] compose 6 middlewares into one security middleware
2020-09-21 16:10:20,413 INFO 9524 [egg:core] dump config after load, 5ms
2020-09-21 16:10:20,428 INFO 9524 [egg-watcher:application] watcher start success
2020-09-21 16:10:20,440 INFO 9524 [egg:core] dump config after ready, 4ms
2020-09-21 16:11:27,893 INFO 14832 [egg:logger] init all loggers with options: {"dir":"C:\\Users\\DELL\\Desktop\\cake\\cake\\server\\logs\\app1","encoding":"utf8","env":"local","level":"INFO","consoleLevel":"INFO","disableConsoleAfterReady":false,"outputJSON":false,"buffer":true,"appLogName":"app1-web.log","coreLogName":"egg-web.log","agentLogName":"egg-agent.log","errorLogName":"common-error.log","coreLogger":{"consoleLevel":"WARN"},"allowDebugAtProd":false,"type":"application"}
2020-09-21 16:11:27,921 INFO 14832 [egg-multipart] file mode enable
2020-09-21 16:11:27,921 INFO 14832 [egg-multipart] will save temporary files to "C:\\Users\\DELL\\AppData\\Local\\Temp\\egg-multipart-tmp\\app1", cleanup job cron: "0 30 4 * * *"
2020-09-21 16:11:28,013 INFO 14832 [egg-static] starting static serve /public/ -> C:\Users\DELL\Desktop\cake\cake\server\app\public
2020-09-21 16:11:28,016 INFO 14832 [egg-security] use methodnoallow middleware
2020-09-21 16:11:28,016 INFO 14832 [egg-security] use noopen middleware
2020-09-21 16:11:28,017 INFO 14832 [egg-security] use nosniff middleware
2020-09-21 16:11:28,017 INFO 14832 [egg-security] use xssProtection middleware
2020-09-21 16:11:28,018 INFO 14832 [egg-security] use xframe middleware
2020-09-21 16:11:28,018 INFO 14832 [egg-security] use dta middleware
2020-09-21 16:11:28,018 INFO 14832 [egg-security] compose 6 middlewares into one security middleware
2020-09-21 16:11:28,027 INFO 14832 [egg:core] dump config after load, 5ms
2020-09-21 16:11:28,039 INFO 14832 [egg-watcher:application] watcher start success
2020-09-21 16:11:28,048 INFO 14832 [egg:core] dump config after ready, 5ms
2020-09-21 16:11:37,825 INFO 14728 [egg:logger] init all loggers with options: {"dir":"C:\\Users\\DELL\\Desktop\\cake\\cake\\server\\logs\\app1","encoding":"utf8","env":"local","level":"INFO","consoleLevel":"INFO","disableConsoleAfterReady":false,"outputJSON":false,"buffer":true,"appLogName":"app1-web.log","coreLogName":"egg-web.log","agentLogName":"egg-agent.log","errorLogName":"common-error.log","coreLogger":{"consoleLevel":"WARN"},"allowDebugAtProd":false,"type":"application"}
2020-09-21 16:11:37,856 INFO 14728 [egg-multipart] file mode enable
2020-09-21 16:11:37,857 INFO 14728 [egg-multipart] will save temporary files to "C:\\Users\\DELL\\AppData\\Local\\Temp\\egg-multipart-tmp\\app1", cleanup job cron: "0 30 4 * * *"
2020-09-21 16:11:37,957 INFO 14728 [egg-static] starting static serve /public/ -> C:\Users\DELL\Desktop\cake\cake\server\app\public
2020-09-21 16:11:37,960 INFO 14728 [egg-security] use methodnoallow middleware
2020-09-21 16:11:37,961 INFO 14728 [egg-security] use noopen middleware
2020-09-21 16:11:37,962 INFO 14728 [egg-security] use nosniff middleware
2020-09-21 16:11:37,962 INFO 14728 [egg-security] use xssProtection middleware
2020-09-21 16:11:37,963 INFO 14728 [egg-security] use xframe middleware
2020-09-21 16:11:37,963 INFO 14728 [egg-security] use dta middleware
2020-09-21 16:11:37,963 INFO 14728 [egg-security] compose 6 middlewares into one security middleware
2020-09-21 16:11:37,974 INFO 14728 [egg:core] dump config after load, 6ms
2020-09-21 16:11:37,992 INFO 14728 [egg-watcher:application] watcher start success
2020-09-21 16:11:38,004 INFO 14728 [egg:core] dump config after ready, 4ms
2020-09-21 16:11:53,710 INFO 18268 [egg:logger] init all loggers with options: {"dir":"C:\\Users\\DELL\\Desktop\\cake\\cake\\server\\logs\\app1","encoding":"utf8","env":"local","level":"INFO","consoleLevel":"INFO","disableConsoleAfterReady":false,"outputJSON":false,"buffer":true,"appLogName":"app1-web.log","coreLogName":"egg-web.log","agentLogName":"egg-agent.log","errorLogName":"common-error.log","coreLogger":{"consoleLevel":"WARN"},"allowDebugAtProd":false,"type":"application"}
2020-09-21 16:11:53,739 INFO 18268 [egg-multipart] file mode enable
2020-09-21 16:11:53,739 INFO 18268 [egg-multipart] will save temporary files to "C:\\Users\\DELL\\AppData\\Local\\Temp\\egg-multipart-tmp\\app1", cleanup job cron: "0 30 4 * * *"
2020-09-21 16:11:53,832 INFO 18268 [egg-static] starting static serve /public/ -> C:\Users\DELL\Desktop\cake\cake\server\app\public
2020-09-21 16:11:53,834 INFO 18268 [egg-security] use methodnoallow middleware
2020-09-21 16:11:53,835 INFO 18268 [egg-security] use noopen middleware
2020-09-21 16:11:53,836 INFO 18268 [egg-security] use nosniff middleware
2020-09-21 16:11:53,836 INFO 18268 [egg-security] use xssProtection middleware
2020-09-21 16:11:53,837 INFO 18268 [egg-security] use xframe middleware
2020-09-21 16:11:53,837 INFO 18268 [egg-security] use dta middleware
2020-09-21 16:11:53,837 INFO 18268 [egg-security] compose 6 middlewares into one security middleware
2020-09-21 16:11:53,846 INFO 18268 [egg:core] dump config after load, 5ms
2020-09-21 16:11:53,862 INFO 18268 [egg-watcher:application] watcher start success
2020-09-21 16:11:53,874 INFO 18268 [egg:core] dump config after ready, 5ms
2020-09-21 16:12:12,350 INFO 12328 [egg:logger] init all loggers with options: {"dir":"C:\\Users\\DELL\\Desktop\\cake\\cake\\server\\logs\\app1","encoding":"utf8","env":"local","level":"INFO","consoleLevel":"INFO","disableConsoleAfterReady":false,"outputJSON":false,"buffer":true,"appLogName":"app1-web.log","coreLogName":"egg-web.log","agentLogName":"egg-agent.log","errorLogName":"common-error.log","coreLogger":{"consoleLevel":"WARN"},"allowDebugAtProd":false,"type":"application"}
2020-09-21 16:12:12,378 INFO 12328 [egg-multipart] file mode enable
2020-09-21 16:12:12,378 INFO 12328 [egg-multipart] will save temporary files to "C:\\Users\\DELL\\AppData\\Local\\Temp\\egg-multipart-tmp\\app1", cleanup job cron: "0 30 4 * * *"
2020-09-21 16:12:12,486 INFO 12328 [egg-static] starting static serve /public/ -> C:\Users\DELL\Desktop\cake\cake\server\app\public
2020-09-21 16:12:12,488 INFO 12328 [egg-security] use methodnoallow middleware
2020-09-21 16:12:12,489 INFO 12328 [egg-security] use noopen middleware
2020-09-21 16:12:12,490 INFO 12328 [egg-security] use nosniff middleware
2020-09-21 16:12:12,491 INFO 12328 [egg-security] use xssProtection middleware
2020-09-21 16:12:12,491 INFO 12328 [egg-security] use xframe middleware
2020-09-21 16:12:12,492 INFO 12328 [egg-security] use dta middleware
2020-09-21 16:12:12,492 INFO 12328 [egg-security] compose 6 middlewares into one security middleware
2020-09-21 16:12:12,502 INFO 12328 [egg:core] dump config after load, 6ms
2020-09-21 16:12:12,518 INFO 12328 [egg-watcher:application] watcher start success
2020-09-21 16:12:12,533 INFO 12328 [egg:core] dump config after ready, 6ms
2020-09-21 16:12:17,906 INFO 17028 [egg:logger] init all loggers with options: {"dir":"C:\\Users\\DELL\\Desktop\\cake\\cake\\server\\logs\\app1","encoding":"utf8","env":"local","level":"INFO","consoleLevel":"INFO","disableConsoleAfterReady":false,"outputJSON":false,"buffer":true,"appLogName":"app1-web.log","coreLogName":"egg-web.log","agentLogName":"egg-agent.log","errorLogName":"common-error.log","coreLogger":{"consoleLevel":"WARN"},"allowDebugAtProd":false,"type":"application"}
2020-09-21 16:12:17,936 INFO 17028 [egg-multipart] file mode enable
2020-09-21 16:12:17,936 INFO 17028 [egg-multipart] will save temporary files to "C:\\Users\\DELL\\AppData\\Local\\Temp\\egg-multipart-tmp\\app1", cleanup job cron: "0 30 4 * * *"
2020-09-21 16:12:18,030 INFO 17028 [egg-static] starting static serve /public/ -> C:\Users\DELL\Desktop\cake\cake\server\app\public
2020-09-21 16:12:18,032 INFO 17028 [egg-security] use methodnoallow middleware
2020-09-21 16:12:18,033 INFO 17028 [egg-security] use noopen middleware
2020-09-21 16:12:18,034 INFO 17028 [egg-security] use nosniff middleware
2020-09-21 16:12:18,034 INFO 17028 [egg-security] use xssProtection middleware
2020-09-21 16:12:18,035 INFO 17028 [egg-security] use xframe middleware
2020-09-21 16:12:18,035 INFO 17028 [egg-security] use dta middleware
2020-09-21 16:12:18,035 INFO 17028 [egg-security] compose 6 middlewares into one security middleware
2020-09-21 16:12:18,045 INFO 17028 [egg:core] dump config after load, 6ms
2020-09-21 16:12:18,059 INFO 17028 [egg-watcher:application] watcher start success
2020-09-21 16:12:18,071 INFO 17028 [egg:core] dump config after ready, 5ms
2020-09-21 16:12:58,672 INFO 11608 [egg:logger] init all loggers with options: {"dir":"C:\\Users\\DELL\\Desktop\\cake\\cake\\server\\logs\\app1","encoding":"utf8","env":"local","level":"INFO","consoleLevel":"INFO","disableConsoleAfterReady":false,"outputJSON":false,"buffer":true,"appLogName":"app1-web.log","coreLogName":"egg-web.log","agentLogName":"egg-agent.log","errorLogName":"common-error.log","coreLogger":{"consoleLevel":"WARN"},"allowDebugAtProd":false,"type":"application"}
2020-09-21 16:12:58,701 INFO 11608 [egg-multipart] file mode enable
2020-09-21 16:12:58,701 INFO 11608 [egg-multipart] will save temporary files to "C:\\Users\\DELL\\AppData\\Local\\Temp\\egg-multipart-tmp\\app1", cleanup job cron: "0 30 4 * * *"
2020-09-21 16:12:58,796 INFO 11608 [egg-static] starting static serve /public/ -> C:\Users\DELL\Desktop\cake\cake\server\app\public
2020-09-21 16:12:58,799 INFO 11608 [egg-security] use methodnoallow middleware
2020-09-21 16:12:58,799 INFO 11608 [egg-security] use noopen middleware
2020-09-21 16:12:58,800 INFO 11608 [egg-security] use nosniff middleware
2020-09-21 16:12:58,801 INFO 11608 [egg-security] use xssProtection middleware
2020-09-21 16:12:58,801 INFO 11608 [egg-security] use xframe middleware
2020-09-21 16:12:58,801 INFO 11608 [egg-security] use dta middleware
2020-09-21 16:12:58,801 INFO 11608 [egg-security] compose 6 middlewares into one security middleware
2020-09-21 16:12:58,812 INFO 11608 [egg:core] dump config after load, 7ms
2020-09-21 16:12:58,828 INFO 11608 [egg-watcher:application] watcher start success
2020-09-21 16:12:58,843 INFO 11608 [egg:core] dump config after ready, 7ms
2020-09-21 16:16:20,089 INFO 15544 [egg:logger] init all loggers with options: {"dir":"C:\\Users\\DELL\\Desktop\\cake\\cake\\server\\logs\\app1","encoding":"utf8","env":"local","level":"INFO","consoleLevel":"INFO","disableConsoleAfterReady":false,"outputJSON":false,"buffer":true,"appLogName":"app1-web.log","coreLogName":"egg-web.log","agentLogName":"egg-agent.log","errorLogName":"common-error.log","coreLogger":{"consoleLevel":"WARN"},"allowDebugAtProd":false,"type":"application"}
2020-09-21 16:16:20,119 INFO 15544 [egg-multipart] file mode enable
2020-09-21 16:16:20,119 INFO 15544 [egg-multipart] will save temporary files to "C:\\Users\\DELL\\AppData\\Local\\Temp\\egg-multipart-tmp\\app1", cleanup job cron: "0 30 4 * * *"
2020-09-21 16:16:20,214 INFO 15544 [egg-static] starting static serve /public/ -> C:\Users\DELL\Desktop\cake\cake\server\app\public
2020-09-21 16:16:20,216 INFO 15544 [egg-security] use methodnoallow middleware
2020-09-21 16:16:20,217 INFO 15544 [egg-security] use noopen middleware
2020-09-21 16:16:20,218 INFO 15544 [egg-security] use nosniff middleware
2020-09-21 16:16:20,218 INFO 15544 [egg-security] use xssProtection middleware
2020-09-21 16:16:20,219 INFO 15544 [egg-security] use xframe middleware
2020-09-21 16:16:20,219 INFO 15544 [egg-security] use dta middleware
2020-09-21 16:16:20,219 INFO 15544 [egg-security] compose 6 middlewares into one security middleware
2020-09-21 16:16:20,228 INFO 15544 [egg:core] dump config after load, 5ms
2020-09-21 16:16:20,242 INFO 15544 [egg-watcher:application] watcher start success
2020-09-21 16:16:20,260 INFO 15544 [egg:core] dump config after ready, 10ms
2020-09-21 16:23:14,314 INFO 20192 [egg:logger] init all loggers with options: {"dir":"C:\\Users\\DELL\\Desktop\\cake\\cake\\server\\logs\\app1","encoding":"utf8","env":"local","level":"INFO","consoleLevel":"INFO","disableConsoleAfterReady":false,"outputJSON":false,"buffer":true,"appLogName":"app1-web.log","coreLogName":"egg-web.log","agentLogName":"egg-agent.log","errorLogName":"common-error.log","coreLogger":{"consoleLevel":"WARN"},"allowDebugAtProd":false,"type":"application"}
2020-09-21 16:23:14,344 INFO 20192 [egg-multipart] file mode enable
2020-09-21 16:23:14,344 INFO 20192 [egg-multipart] will save temporary files to "C:\\Users\\DELL\\AppData\\Local\\Temp\\egg-multipart-tmp\\app1", cleanup job cron: "0 30 4 * * *"
2020-09-21 16:23:14,440 INFO 20192 [egg-static] starting static serve /public/ -> C:\Users\DELL\Desktop\cake\cake\server\app\public
2020-09-21 16:23:14,443 INFO 20192 [egg-security] use methodnoallow middleware
2020-09-21 16:23:14,444 INFO 20192 [egg-security] use noopen middleware
2020-09-21 16:23:14,445 INFO 20192 [egg-security] use nosniff middleware
2020-09-21 16:23:14,445 INFO 20192 [egg-security] use xssProtection middleware
2020-09-21 16:23:14,445 INFO 20192 [egg-security] use xframe middleware
2020-09-21 16:23:14,446 INFO 20192 [egg-security] use dta middleware
2020-09-21 16:23:14,446 INFO 20192 [egg-security] compose 6 middlewares into one security middleware
2020-09-21 16:23:14,455 INFO 20192 [egg:core] dump config after load, 5ms
2020-09-21 16:23:14,471 INFO 20192 [egg-watcher:application] watcher start success
2020-09-21 16:23:14,485 INFO 20192 [egg:core] dump config after ready, 5ms
2020-09-21 16:23:43,230 INFO 16756 [egg:logger] init all loggers with options: {"dir":"C:\\Users\\DELL\\Desktop\\cake\\cake\\server\\logs\\app1","encoding":"utf8","env":"local","level":"INFO","consoleLevel":"INFO","disableConsoleAfterReady":false,"outputJSON":false,"buffer":true,"appLogName":"app1-web.log","coreLogName":"egg-web.log","agentLogName":"egg-agent.log","errorLogName":"common-error.log","coreLogger":{"consoleLevel":"WARN"},"allowDebugAtProd":false,"type":"application"}
2020-09-21 16:23:43,266 INFO 16756 [egg-multipart] file mode enable
2020-09-21 16:23:43,266 INFO 16756 [egg-multipart] will save temporary files to "C:\\Users\\DELL\\AppData\\Local\\Temp\\egg-multipart-tmp\\app1", cleanup job cron: "0 30 4 * * *"
2020-09-21 16:23:43,369 INFO 16756 [egg-static] starting static serve /public/ -> C:\Users\DELL\Desktop\cake\cake\server\app\public
2020-09-21 16:23:43,372 INFO 16756 [egg-security] use methodnoallow middleware
2020-09-21 16:23:43,372 INFO 16756 [egg-security] use noopen middleware
2020-09-21 16:23:43,373 INFO 16756 [egg-security] use nosniff middleware
2020-09-21 16:23:43,374 INFO 16756 [egg-security] use xssProtection middleware
2020-09-21 16:23:43,374 INFO 16756 [egg-security] use xframe middleware
2020-09-21 16:23:43,375 INFO 16756 [egg-security] use dta middleware
2020-09-21 16:23:43,375 INFO 16756 [egg-security] compose 6 middlewares into one security middleware
2020-09-21 16:23:43,384 INFO 16756 [egg:core] dump config after load, 5ms
2020-09-21 16:23:43,400 INFO 16756 [egg-watcher:application] watcher start success
2020-09-21 16:23:43,415 INFO 16756 [egg:core] dump config after ready, 6ms
